<?xml version="1.0" encoding="UTF-8"?>
<robot generator="Robot 3.0.4 (Python 3.7.0 on win32)" generated="20180726 19:20:35.060">
<suite id="s1" name="Keyword Demo Test displays" source="C:\development\robot-scripts\keyword_demo\tests\demo.robot">
<test id="s1-t1" name="Test Case1">
<kw name="Do Something">
<kw name="Log" library="BuiltIn">
<doc>Logs the given message with the given level.</doc>
<arguments>
<arg>I am doing something..</arg>
</arguments>
<msg timestamp="20180726 19:20:35.152" level="INFO">I am doing something..</msg>
<status status="PASS" starttime="20180726 19:20:35.152" endtime="20180726 19:20:35.153"></status>
</kw>
<status status="PASS" starttime="20180726 19:20:35.152" endtime="20180726 19:20:35.153"></status>
</kw>
<kw name="Do Something Else">
<kw name="Log" library="BuiltIn">
<doc>Logs the given message with the given level.</doc>
<arguments>
<arg>I am doing something else..</arg>
</arguments>
<msg timestamp="20180726 19:20:35.154" level="INFO">I am doing something else..</msg>
<status status="PASS" starttime="20180726 19:20:35.154" endtime="20180726 19:20:35.154"></status>
</kw>
<status status="PASS" starttime="20180726 19:20:35.153" endtime="20180726 19:20:35.155"></status>
</kw>
<status status="PASS" starttime="20180726 19:20:35.151" endtime="20180726 19:20:35.155" critical="yes"></status>
</test>
<status status="PASS" starttime="20180726 19:20:35.063" endtime="20180726 19:20:35.156"></status>
</suite>
<statistics>
<total>
<stat pass="1" fail="0">Critical Tests</stat>
<stat pass="1" fail="0">All Tests</stat>
</total>
<tag>
</tag>
<suite>
<stat pass="1" fail="0" id="s1" name="Keyword Demo Test displays">Keyword Demo Test displays</stat>
</suite>
</statistics>
<errors>
</errors>
</robot>
